"C:/Users/Admin/Desktop/All for Capstone/Version3.7/Content/Melee.uasset" 0
"../../../Engine/Content/Animation/DefaultAnimBoneCompressionSettings.uasset" 1
"C:/Users/Admin/Desktop/All for Capstone/Version3.7/Content/Mannequin/Character/Mesh/UE4_Mannequin_Skeleton.uasset" 2
"C:/Users/Admin/Desktop/All for Capstone/Version3.7/Content/AiCharacter/Attack_PrimaryA.uasset" 3
"C:/Users/Admin/Desktop/All for Capstone/Version3.7/Content/AiCharacter/Attack_PrimaryA_Montage.uasset" 4
"C:/Users/Admin/Desktop/All for Capstone/Version3.7/Content/AiCharacter/AIBB.uasset" 5
"C:/Users/Admin/Desktop/All for Capstone/Version3.7/Content/AiCharacter/ChasePlayer.uasset" 6
"C:/Users/Admin/Desktop/All for Capstone/Version3.7/Content/Mannequin/Animations/ThirdPerson_Jump.uasset" 7
"C:/Users/Admin/Desktop/All for Capstone/Version3.7/Content/Mannequin/Animations/ThirdPersonJump_Loop.uasset" 8
"C:/Users/Admin/Desktop/All for Capstone/Version3.7/Content/Mannequin/Animations/ThirdPersonJump_Start.uasset" 9
"C:/Users/Admin/Desktop/All for Capstone/Version3.7/Content/Mannequin/Animations/ThirdPersonIdle.uasset" 10
"C:/Users/Admin/Desktop/All for Capstone/Version3.7/Content/Mannequin/Animations/ThirdPersonRun.uasset" 11
"C:/Users/Admin/Desktop/All for Capstone/Version3.7/Content/Mannequin/Animations/ThirdPersonWalk.uasset" 12
"C:/Users/Admin/Desktop/All for Capstone/Version3.7/Content/Mannequin/Animations/ThirdPerson_IdleRun_2D.uasset" 13
"../../../Engine/Content/EditorBlueprintResources/StandardMacros.uasset" 14
"C:/Users/Admin/Desktop/All for Capstone/Version3.7/Content/Mannequin/Animations/ThirdPerson_AnimBP.uasset" 15
"C:/Users/Admin/Desktop/All for Capstone/Version3.7/Content/AiCharacter/PatrolPath.uasset" 16
"C:/Users/Admin/Desktop/All for Capstone/Version3.7/Content/AiCharacter/AI_Health.uasset" 17
"../../../Engine/Content/Functions/Engine_MaterialFunctions02/Utility/BlendAngleCorrectedNormals.uasset" 18
"../../../Engine/Content/Functions/MaterialLayerFunctions/MatLayerBlend_NormalBlend.uasset" 19
"../../../Engine/Content/Functions/MaterialLayerFunctions/MatLayerBlend_Simple.uasset" 20
"C:/Users/Admin/Desktop/All for Capstone/Version3.7/Content/Mannequin/Character/Materials/MaterialLayers/T_ML_Rubber_Blue_01_D.uasset" 21
"C:/Users/Admin/Desktop/All for Capstone/Version3.7/Content/Mannequin/Character/Materials/MaterialLayers/T_ML_Rubber_Blue_01_N.uasset" 22
"C:/Users/Admin/Desktop/All for Capstone/Version3.7/Content/Mannequin/Character/Materials/MaterialLayers/ML_GlossyBlack_Latex_UE4.uasset" 23
"C:/Users/Admin/Desktop/All for Capstone/Version3.7/Content/Mannequin/Character/Materials/MaterialLayers/ML_Plastic_Shiny_Beige.uasset" 24
"C:/Users/Admin/Desktop/All for Capstone/Version3.7/Content/Mannequin/Character/Textures/UE4_LOGO_CARD.uasset" 25
"C:/Users/Admin/Desktop/All for Capstone/Version3.7/Content/Mannequin/Character/Materials/MaterialLayers/ML_Plastic_Shiny_Beige_LOGO.uasset" 26
"C:/Users/Admin/Desktop/All for Capstone/Version3.7/Content/Mannequin/Character/Materials/MaterialLayers/T_ML_Aluminum01.uasset" 27
"C:/Users/Admin/Desktop/All for Capstone/Version3.7/Content/Mannequin/Character/Materials/MaterialLayers/T_ML_Aluminum01_N.uasset" 28
"C:/Users/Admin/Desktop/All for Capstone/Version3.7/Content/Mannequin/Character/Materials/MaterialLayers/ML_SoftMetal_UE4.uasset" 29
"C:/Users/Admin/Desktop/All for Capstone/Version3.7/Content/Mannequin/Character/Textures/UE4_Mannequin__normals.uasset" 30
"C:/Users/Admin/Desktop/All for Capstone/Version3.7/Content/Mannequin/Character/Textures/UE4_Mannequin_MAT_MASKA.uasset" 31
"C:/Users/Admin/Desktop/All for Capstone/Version3.7/Content/Mannequin/Character/Materials/M_UE4Man_Body.uasset" 32
"C:/Users/Admin/Desktop/All for Capstone/Version3.7/Content/Mannequin/Character/Textures/UE4Man_Logo_N.uasset" 33
"C:/Users/Admin/Desktop/All for Capstone/Version3.7/Content/Mannequin/Character/Materials/M_UE4Man_ChestLogo.uasset" 34
"C:/Users/Admin/Desktop/All for Capstone/Version3.7/Content/Mannequin/Character/Mesh/SK_Mannequin_PhysicsAsset.uasset" 35
"C:/Users/Admin/Desktop/All for Capstone/Version3.7/Content/Mannequin/Character/Mesh/SK_Mannequin.uasset" 36
"C:/Users/Admin/Desktop/All for Capstone/Version3.7/Content/AiCharacter/AICharacter.uasset" 37
"C:/Users/Admin/Desktop/All for Capstone/Version3.7/Content/AiCharacter/FindPathPoint.uasset" 38
"C:/Users/Admin/Desktop/All for Capstone/Version3.7/Content/AiCharacter/FindPlayerLocation.uasset" 39
"C:/Users/Admin/Desktop/All for Capstone/Version3.7/Content/AiCharacter/FindRandomLocation.uasset" 40
"C:/Users/Admin/Desktop/All for Capstone/Version3.7/Content/AiCharacter/IncrementPathIndex.uasset" 41
"C:/Users/Admin/Desktop/All for Capstone/Version3.7/Content/AiCharacter/AIBT.uasset" 42
"C:/Users/Admin/Desktop/All for Capstone/Version3.7/Content/Bloom_Nicolas/Knight/Great_Sword_Idle_Skeleton.uasset" 43
"C:/Users/Admin/Desktop/All for Capstone/Version3.7/Content/Bloom_Nicolas/Knight/Great_Sword_Fall.uasset" 44
"C:/Users/Admin/Desktop/All for Capstone/Version3.7/Content/Bloom_Nicolas/Knight/Great_Sword_Jump.uasset" 45
"C:/Users/Admin/Desktop/All for Capstone/Version3.7/Content/Bloom_Nicolas/Knight/Great_Sword_Slash.uasset" 46
"C:/Users/Admin/Desktop/All for Capstone/Version3.7/Content/Bloom_Nicolas/Knight/Great_Sword_Idle_Anim_mixamo_com.uasset" 47
"C:/Users/Admin/Desktop/All for Capstone/Version3.7/Content/Bloom_Nicolas/Knight/Great_Sword_Run.uasset" 48
"C:/Users/Admin/Desktop/All for Capstone/Version3.7/Content/Bloom_Nicolas/Knight/Great_Sword_Walk.uasset" 49
"C:/Users/Admin/Desktop/All for Capstone/Version3.7/Content/Bloom_Nicolas/Knight/Knight_IdletoRun.uasset" 50
"C:/Users/Admin/Desktop/All for Capstone/Version3.7/Content/Bloom_Nicolas/Knight/Knight_AnimBP.uasset" 51
"C:/Users/Admin/Desktop/All for Capstone/Version3.7/Content/Bloom_Nicolas/Knight/Great_Sword_Slash_Montage.uasset" 52
"../../../Engine/Content/EditorBlueprintResources/ActorMacros.uasset" 53
"C:/Users/Admin/Desktop/All for Capstone/Version3.7/Content/Bloom_Nicolas/Knight/Great_Sword_Idle_PhysicsAsset.uasset" 54
"C:/Users/Admin/Desktop/All for Capstone/Version3.7/Content/Bloom_Nicolas/Knight/Great_Sword_Idle.uasset" 55
"C:/Users/Admin/Desktop/All for Capstone/Version3.7/Content/ThirdPersonBP/Blueprints/ThirdPersonCharacter.uasset" 56
"C:/Users/Admin/Desktop/All for Capstone/Version3.7/Content/AiCharacter/NPC-AI.uasset" 57
"C:/Users/Admin/Desktop/All for Capstone/Version3.7/Content/AiCharacter/ChangeNPCSpeed.uasset" 58
"C:/Users/Admin/Desktop/All for Capstone/Version3.7/Content/Bloom_Nicolas/Knight/Great_Sword_Idle_Anim_Take_001.uasset" 59
"../../../Engine/Content/Functions/Engine_MaterialFunctions01/Opacity/CameraDepthFade.uasset" 60
"../../../Engine/Content/EngineMaterials/T_Default_Material_Grid_M.uasset" 61
"../../../Engine/Content/EngineMaterials/T_Default_Material_Grid_N.uasset" 62
"../../../Engine/Content/EngineMaterials/WorldGridMaterial.uasset" 63
"C:/Users/Admin/Desktop/All for Capstone/Version3.7/Content/Bloom_Nicolas/Knight/Knight_Model.uasset" 64
"C:/Users/Admin/Desktop/All for Capstone/Version3.7/Content/Geometry/Meshes/CubeMaterial.uasset" 65
"C:/Users/Admin/Desktop/All for Capstone/Version3.7/Content/Geometry/Meshes/1M_Cube.uasset" 66
"C:/Users/Admin/Desktop/All for Capstone/Version3.7/Content/Geometry/Meshes/1M_Cube_Chamfer.uasset" 67
"C:/Users/Admin/Desktop/All for Capstone/Version3.7/Content/Geometry/Meshes/TemplateFloor.uasset" 68
"C:/Users/Admin/Desktop/All for Capstone/Version3.7/Content/KivettTrey/01_MMStuff/Door_Setups/Kivett_DoorModel_BuiltData.uasset" 69
"C:/Users/Admin/Desktop/All for Capstone/Version3.7/Content/KivettTrey/01_MMStuff/FirstPerson/Meshes/CubeMaterialOverride.uasset" 70
"C:/Users/Admin/Desktop/All for Capstone/Version3.7/Content/Mannequin/Animations/ThirdPersonJump_End.uasset" 71
"C:/Users/Admin/Desktop/All for Capstone/Version3.7/Content/ThirdPerson/Meshes/RampMaterial.uasset" 72
"C:/Users/Admin/Desktop/All for Capstone/Version3.7/Content/ThirdPerson/Meshes/Bump_StaticMesh.uasset" 73
"C:/Users/Admin/Desktop/All for Capstone/Version3.7/Content/ThirdPerson/Meshes/LeftArm_StaticMesh.uasset" 74
"C:/Users/Admin/Desktop/All for Capstone/Version3.7/Content/ThirdPerson/Meshes/Linear_Stair_StaticMesh.uasset" 75
"C:/Users/Admin/Desktop/All for Capstone/Version3.7/Content/ThirdPerson/Meshes/Ramp_StaticMesh.uasset" 76
"C:/Users/Admin/Desktop/All for Capstone/Version3.7/Content/ThirdPerson/Meshes/RightArm_StaticMesh.uasset" 77
"C:/Users/Admin/Desktop/All for Capstone/Version3.7/Content/ThirdPersonBP/ThirdPersonOverview.uasset" 78
"../../../Engine/Content/Animation/DefaultAnimCurveCompressionSettings.uasset" 79
"../../../Engine/Content/ArtTools/RenderToTexture/Meshes/S_1_Unit_Plane.uasset" 80
"../../../Engine/Content/EngineMaterials/DefaultMaterial.uasset" 81
"../../../Engine/Content/BasicShapes/Cone.uasset" 82
"../../../Engine/Content/BasicShapes/Cylinder.uasset" 83
"../../../Engine/Content/BasicShapes/Plane.uasset" 84
"../../../Engine/Content/EditorLandscapeResources/DataLayer.uasset" 85
"../../../Engine/Content/EditorMaterials/MAT_Groups_Toggle.uasset" 86
"../../../Engine/Content/EditorMaterials/MAT_Groups_Visibility.uasset" 87
"../../../Engine/Content/EditorMaterials/PreviewShadowIndicator.uasset" 88
"../../../Engine/Content/EditorMaterials/PreviewShadowIndicatorMaterial.uasset" 89
"../../../Engine/Content/EditorMaterials/MatineeGroups/MAT_ColorTrack.uasset" 90
"../../../Engine/Content/EditorMaterials/MatineeGroups/MAT_Groups_Anim.uasset" 91
"../../../Engine/Content/EditorMaterials/MatineeGroups/MAT_Groups_AudioMaster.uasset" 92
"../../../Engine/Content/EditorMaterials/MatineeGroups/MAT_Groups_Director.uasset" 93
"../../../Engine/Content/EditorMaterials/MatineeGroups/MAT_Groups_Event.uasset" 94
"../../../Engine/Content/EditorMaterials/MatineeGroups/MAT_Groups_Fade.uasset" 95
"../../../Engine/Content/EditorMaterials/MatineeGroups/MAT_Groups_Float.uasset" 96
"../../../Engine/Content/EditorMaterials/MatineeGroups/MAT_Groups_Move.uasset" 97
"../../../Engine/Content/EditorMaterials/MatineeGroups/MAT_Groups_Slomo.uasset" 98
"../../../Engine/Content/EditorMaterials/MatineeGroups/MAT_Groups_Sound.uasset" 99
"../../../Engine/Content/EditorMaterials/MatineeGroups/MAT_Groups_Vector.uasset" 100
"../../../Engine/Content/EditorMaterials/ParticleSystems/PSysThumbnail_NoImage.uasset" 101
"../../../Engine/Content/EditorMaterials/ParticleSystems/PSysThumbnail_OOD.uasset" 102
"../../../Engine/Content/EditorMaterials/Camera/CineMat.uasset" 103
"../../../Engine/Content/EditorMaterials/Camera/MI_CineMat_Rig.uasset" 104
"../../../Engine/Content/EditorMeshes/Camera/SM_CraneRig_Arm.uasset" 105
"../../../Engine/Content/EditorMeshes/Camera/SM_CraneRig_Base.uasset" 106
"../../../Engine/Content/EditorMeshes/Camera/SM_CraneRig_Body.uasset" 107
"../../../Engine/Content/EditorMeshes/Camera/SM_CraneRig_Mount.uasset" 108
"../../../Engine/Content/EditorMeshes/Camera/SM_RailRig_Mount.uasset" 109
"../../../Engine/Content/EditorMeshes/Camera/SM_RailRig_Track.uasset" 110
"../../../Engine/Content/EditorResources/BSPVertex.uasset" 111
"../../../Engine/Content/EditorResources/EmptyActor.uasset" 112
"../../../Engine/Content/EditorResources/S_Actor.uasset" 113
"../../../Engine/Content/EditorResources/S_Note.uasset" 114
"../../../Engine/Content/EditorResources/S_Solver.uasset" 115
"../../../Engine/Content/EditorResources/S_Trigger.uasset" 116
"../../../Engine/Content/EditorResources/LightIcons/S_LightError.uasset" 117
"../../../Engine/Content/EditorResources/SequenceRecorder/Countdown.uasset" 118
"../../../Engine/Content/EditorResources/SequenceRecorder/RecordingIndicator.uasset" 119
"../../../Engine/Content/EditorSounds/Notifications/CompileFailed.uasset" 120
"../../../Engine/Content/EditorSounds/Notifications/CompileFailed_Cue.uasset" 121
"../../../Engine/Content/EditorSounds/Notifications/CompileSuccess.uasset" 122
"../../../Engine/Content/EditorSounds/Notifications/CompileStart_Cue.uasset" 123
"../../../Engine/Content/EditorSounds/Notifications/CompileSuccess_Cue.uasset" 124
"../../../Engine/Content/EngineDamageTypes/DmgTypeBP_Environmental.uasset" 125
"../../../Engine/Content/EngineDebugMaterials/DebugEditorMaterial.uasset" 126
"../../../Engine/Content/EngineDebugMaterials/DebugMeshMaterial.uasset" 127
"../../../Engine/Content/EngineDebugMaterials/M_SimpleUnlitTranslucent.uasset" 128
"../../../Engine/Content/Functions/Engine_MaterialFunctions02/Utility/CameraDirectionVector.uasset" 129
"../../../Engine/Content/EngineDebugMaterials/VolumeToRender.uasset" 130
"../../../Engine/Content/EngineDebugMaterials/M_VolumeRenderSphereTracePP.uasset" 131
"../../../Engine/Content/EngineDebugMaterials/WireframeMaterial.uasset" 132
"../../../Engine/Content/EngineFonts/Faces/DroidSansFallback.uasset" 133
"../../../Engine/Content/EngineFonts/Faces/RobotoBold.uasset" 134
"../../../Engine/Content/EngineFonts/Faces/RobotoBoldItalic.uasset" 135
"../../../Engine/Content/EngineFonts/Faces/RobotoItalic.uasset" 136
"../../../Engine/Content/EngineFonts/Faces/RobotoLight.uasset" 137
"../../../Engine/Content/EngineFonts/Faces/RobotoRegular.uasset" 138
"../../../Engine/Content/EngineFonts/Roboto.uasset" 139
"../../../Engine/Content/EngineMaterials/BaseFlattenDiffuseMap.uasset" 140
"../../../Engine/Content/EngineMaterials/BaseFlattenEmissiveMap.uasset" 141
"../../../Engine/Content/EngineMaterials/BaseFlattenGrayscaleMap.uasset" 142
"../../../Engine/Content/EngineMaterials/BaseFlattenNormalMap.uasset" 143
"../../../Engine/Content/EngineMaterials/BaseFlattenMaterial.uasset" 144
"../../../Engine/Content/EngineMaterials/BlueNoise.uasset" 145
"../../../Engine/Content/EngineMaterials/DefaultBloomKernel.uasset" 146
"../../../Engine/Content/EngineMaterials/DefaultBokeh.uasset" 147
"../../../Engine/Content/EngineMaterials/DefaultDiffuse.uasset" 148
"../../../Engine/Content/EngineMaterials/DefaultDeferredDecalMaterial.uasset" 149
"../../../Engine/Content/EngineMaterials/DefaultLightFunctionMaterial.uasset" 150
"../../../Engine/Content/Functions/Engine_MaterialFunctions02/Utility/BreakOutFloat2Components.uasset" 151
"../../../Engine/Content/EngineMaterials/DefaultPostProcessMaterial.uasset" 152
"../../../Engine/Content/EngineFonts/RobotoDistanceField.uasset" 153
"../../../Engine/Content/EngineMaterials/DefaultTextMaterialOpaque.uasset" 154
"../../../Engine/Content/EngineMaterials/DefaultWhiteGrid.uasset" 155
"../../../Engine/Content/EngineMaterials/DefaultWhiteGrid_Low.uasset" 156
"../../../Engine/Content/EngineMaterials/EmissiveMeshMaterial.uasset" 157
"../../../Engine/Content/EngineMaterials/GizmoMaterial.uasset" 158
"../../../Engine/Content/EngineMaterials/Good64x64TilingNoiseHighFreq.uasset" 159
"../../../Engine/Content/EngineMaterials/MiniFont.uasset" 160
"../../../Engine/Content/EngineMaterials/InvalidLightmapSettings.uasset" 161
"../../../Engine/Content/EngineMaterials/M_InvalidLightmapSettings.uasset" 162
"../../../Engine/Content/Functions/Engine_MaterialFunctions02/WorldPositionOffset/CameraOffset.uasset" 163
"../../../Engine/Content/EngineMaterials/PhAT_JointLimitMaterial.uasset" 164
"../../../Engine/Content/EngineMaterials/PreintegratedSkinBRDF.uasset" 165
"../../../Engine/Content/EngineMaterials/RemoveSurfaceMaterial.uasset" 166
"../../../Engine/Content/EngineMaterials/WeightMapPlaceholderTexture.uasset" 167
"../../../Engine/Content/EngineResources/WhiteSquareTexture.uasset" 168
"../../../Engine/Content/EngineMaterials/Widget3DPassThrough.uasset" 169
"../../../Engine/Content/EngineMaterials/Widget3DPassThrough_Masked.uasset" 170
"../../../Engine/Content/EngineMaterials/Widget3DPassThrough_Opaque.uasset" 171
"../../../Engine/Content/EngineMaterials/Widget3DPassThrough_Masked_OneSided.uasset" 172
"../../../Engine/Content/EngineMaterials/Widget3DPassThrough_Opaque_OneSided.uasset" 173
"../../../Engine/Content/EngineMaterials/Widget3DPassThrough_Translucent.uasset" 174
"../../../Engine/Content/EngineMaterials/Widget3DPassThrough_Translucent_OneSided.uasset" 175
"../../../Engine/Content/EngineMeshes/Cylinder.uasset" 176
"../../../Engine/Content/EngineMeshes/Sphere.uasset" 177
"../../../Engine/Content/EngineResources/Black.uasset" 178
"../../../Engine/Content/EngineResources/DefaultTexture.uasset" 179
"../../../Engine/Content/EngineResources/DefaultTextureCube.uasset" 180
"../../../Engine/Content/EngineResources/DefaultVolumeTexture2D.uasset" 181
"../../../Engine/Content/EngineResources/DefaultVolumeTexture.uasset" 182
"../../../Engine/Content/EngineResources/GradientTexture0.uasset" 183
"../../../Engine/Content/EngineSounds/Master.uasset" 184
"../../../Engine/Content/Functions/Engine_MaterialFunctions01/Shading/ConvertFromDiffSpec.uasset" 185
"../../../Engine/Content/Functions/Engine_MaterialFunctions01/Shading/PowerToRoughness.uasset" 186
"../../../Engine/Content/Maps/Templates/Thumbnails/Default.uasset" 187
"../../../Engine/Content/Maps/Templates/Thumbnails/TimeOfDay.uasset" 188
"../../../Engine/Content/Maps/Templates/Thumbnails/VR-Basic.uasset" 189
"../../../Engine/Content/MobileResources/T_MobileControls_texture.uasset" 190
"../../../Engine/Content/MobileResources/T_MobileMenu2.uasset" 191
"../../../Engine/Content/MobileResources/HUD/AnalogHat.uasset" 192
"../../../Engine/Content/MobileResources/HUD/VirtualJoystick_Background.uasset" 193
"../../../Engine/Content/MobileResources/HUD/VirtualJoystick_Thumb.uasset" 194
"../../../Engine/Content/MobileResources/HUD/DefaultVirtualJoysticks.uasset" 195
"../../../Engine/Content/MobileResources/HUD/LeftVirtualJoystickOnly.uasset" 196
"../../../Engine/Content/MobileResources/HUD/MobileHUDButton1_off.uasset" 197
"../../../Engine/Content/MobileResources/HUD/MobileHUDButton1_on.uasset" 198
"../../../Engine/Content/MobileResources/HUD/MobileHUDButton2_off.uasset" 199
"../../../Engine/Content/MobileResources/HUD/MobileHUDButton2_on.uasset" 200
"../../../Engine/Content/MobileResources/HUD/MobileHUDButton3.uasset" 201
"../../../Engine/Content/MobileResources/HUD/MobileHUDButtonFire.uasset" 202
"../../../Engine/Content/MobileResources/HUD/MobileHUDDirectionPad.uasset" 203
"../../../Engine/Content/MobileResources/HUD/MobileHUDDirectionPad2.uasset" 204
"../../../Engine/Content/MobileResources/HUD/MobileHUDDirectionPad3.uasset" 205
"../../../Engine/Content/MobileResources/HUD/MobileHUDDirectionStick.uasset" 206
"../../../Engine/Content/MobileResources/HUD/T_Castle_ThumbstickInner.uasset" 207
"../../../Engine/Content/MobileResources/HUD/T_Castle_ThumbstickOutter.uasset" 208
"../../../Engine/Content/Tutorial/ContentIntroCurve.uasset" 209
"../../../Engine/Content/Tutorial/Basics/LevelEditorAttract.uasset" 210
"../../../Engine/Content/VREditor/LaserPointer/VR_LaserPower_01.uasset" 211
"../../../Engine/Content/VREditor/TransformGizmo/TransformGizmoMaterial.uasset" 212
"../../../Engine/Content/VREditor/TransformGizmo/TranslucentTransformGizmoMaterial.uasset" 213
"../../../Engine/Content/VREditor/TransformGizmo/BoundingBoxCorner.uasset" 214
"../../../Engine/Content/VREditor/TransformGizmo/BoundingBoxEdge.uasset" 215
"../../../Engine/Content/VREditor/TransformGizmo/PlaneTranslationHandle.uasset" 216
"../../../Engine/Content/VREditor/TransformGizmo/Main.uasset" 217
"../../../Engine/Content/VREditor/TransformGizmo/Xray.uasset" 218
"../../../Engine/Content/VREditor/TransformGizmo/SM_Sequencer_Key.uasset" 219
"../../../Engine/Content/VREditor/TransformGizmo/SM_Sequencer_Node.uasset" 220
"../../Plugins/2D/Paper2D/Content/PlaceholderTextures/DummySpriteTexture.uasset" 221
"../../Plugins/2D/Paper2D/Content/DummySprite.uasset" 222
"../../Plugins/2D/Paper2D/Content/DefaultPaperTerrainMaterial.uasset" 223
"../../Plugins/2D/Paper2D/Content/DefaultSpriteMaterial.uasset" 224
"../../Plugins/2D/Paper2D/Content/MaskedUnlitSpriteMaterial.uasset" 225
"../../Plugins/2D/Paper2D/Content/OpaqueUnlitSpriteMaterial.uasset" 226
"../../Plugins/FX/Niagara/Content/Enums/ENiagaraBooleanLogicOps.uasset" 227
"../../Plugins/FX/Niagara/Content/Enums/ENiagaraCoordinateSpace.uasset" 228
"../../Plugins/FX/Niagara/Content/Enums/ENiagaraExpansionMode.uasset" 229
"../../Plugins/FX/Niagara/Content/Enums/ENiagaraOrientationAxis.uasset" 230
"../../Plugins/FX/Niagara/Content/Enums/ENiagaraRandomnessMode.uasset" 231
"../../../Engine/Content/Functions/Engine_MaterialFunctions02/Utility/BreakOutFloat4Components.uasset" 232
"../../../Engine/Content/Functions/Engine_MaterialFunctions02/Utility/MakeFloat2.uasset" 233
"../../../Engine/Content/Functions/Engine_MaterialFunctions02/Utility/MakeFloat3.uasset" 234
"../../Plugins/Runtime/Oculus/OculusVR/Content/Materials/OculusMR_ChromaKey.uasset" 235
"../../Plugins/Runtime/Oculus/OculusVR/Content/Materials/OculusMR_ChromaKey_Lit.uasset" 236
"../../Plugins/Runtime/Oculus/OculusVR/Content/Materials/OculusMR_OpaqueColoredMaterial.uasset" 237
"../../Plugins/Runtime/Oculus/OculusVR/Content/Materials/OculusMR_WhiteMaterial.uasset" 238
"../../../Engine/Content/EngineSky/C_Sky_Cloud_Color.uasset" 239
"../../../Engine/Content/EngineSky/C_Sky_Horizon_Color.uasset" 240
"../../../Engine/Content/EngineSky/C_Sky_Zenith_Color.uasset" 241
"../../../Engine/Content/EngineSky/T_Sky_Blue.uasset" 242
"../../../Engine/Content/EngineSky/T_Sky_Clouds_M.uasset" 243
"../../../Engine/Content/EngineSky/T_Sky_Stars.uasset" 244
"../../../Engine/Content/EngineSky/M_Sky_Panning_Clouds2.uasset" 245
"../../../Engine/Content/EngineSky/SM_SkySphere.uasset" 246
"../../../Engine/Content/EngineSky/BP_Sky_Sphere.uasset" 247
"../../../Engine/Content/MapTemplates/SM_Template_Map_Floor.uasset" 248
"C:/Users/Admin/Desktop/All for Capstone/Version3.7/Content/KivettTrey/01_MMStuff/Door_Setups/Kivett_DoorModel.umap" 249
"../../../Engine/Content/BasicShapes/Cube.uasset" 250
"C:/Users/Admin/Desktop/All for Capstone/Version3.7/Content/KivettTrey/01_MMStuff/Door_Setups/DrawBridge_BP.uasset" 251
"C:/Users/Admin/Desktop/All for Capstone/Version3.7/Content/KivettTrey/01_MMStuff/Door_Setups/Gate_DP.uasset" 252
"C:/Users/Admin/Desktop/All for Capstone/Version3.7/Content/ThirdPersonBP/Blueprints/ThirdPersonGameMode.uasset" 253
"C:/Users/Admin/Desktop/All for Capstone/Version3.7/Content/KivettTrey/01_MMStuff/PrototypeMap/Prototype_MM_BuiltData.uasset" 254
"C:/Users/Admin/Desktop/All for Capstone/Version3.7/Content/KivettTrey/01_MMStuff/Geometry/Meshes/CubeMaterial.uasset" 255
"C:/Users/Admin/Desktop/All for Capstone/Version3.7/Content/StarterContent/Materials/M_AssetPlatform.uasset" 256
"C:/Users/Admin/Desktop/All for Capstone/Version3.7/Content/StarterContent/Textures/T_Ground_Grass_D.uasset" 257
"C:/Users/Admin/Desktop/All for Capstone/Version3.7/Content/StarterContent/Textures/T_Ground_Grass_N.uasset" 258
"C:/Users/Admin/Desktop/All for Capstone/Version3.7/Content/StarterContent/Textures/T_MacroVariation.uasset" 259
"C:/Users/Admin/Desktop/All for Capstone/Version3.7/Content/StarterContent/Textures/T_Perlin_Noise_M.uasset" 260
"C:/Users/Admin/Desktop/All for Capstone/Version3.7/Content/StarterContent/Materials/M_Ground_Grass.uasset" 261
"../../../Engine/Content/EngineMaterials/DefaultPhysicalMaterial.uasset" 262
"C:/Users/Admin/Desktop/All for Capstone/Version3.7/Content/KivettTrey/01_MMStuff/PrototypeMap/Prototype_MM.umap" 263
"C:/Users/Admin/Desktop/All for Capstone/Version3.7/Content/KivettTrey/MM_OfficialMap/OfficialMap_BuiltData.uasset" 264
"../../../Engine/Content/Functions/Engine_MaterialFunctions02/SplitComponents.uasset" 265
"../../../Engine/Content/MapTemplates/TilingNoise05.uasset" 266
"../../../Engine/Content/EngineSky/M_SkyTimeOfDay.uasset" 267
"C:/Users/Admin/Desktop/All for Capstone/Version3.7/Content/KivettTrey/01_MMStuff/FirstPerson/Meshes/BaseMaterial.uasset" 268
"../../../Engine/Content/BasicShapes/Sphere.uasset" 269
"C:/Users/Admin/Desktop/All for Capstone/Version3.7/Content/KivettTrey/MM_OfficialMap/OfficialMap.umap" 270
"C:/Users/Admin/Desktop/All for Capstone/Version3.7/Content/Multiplayer/Menu.uasset" 271
"C:/Users/Admin/Desktop/All for Capstone/Version3.7/Content/Multiplayer/MainMenuCharacter.uasset" 272
"C:/Users/Admin/Desktop/All for Capstone/Version3.7/Content/Multiplayer/MultiplayerGameMode.uasset" 273
"C:/Users/Admin/Desktop/All for Capstone/Version3.7/Content/Multiplayer/MainMenu.umap" 274
"../../../Engine/Content/Maps/Entry_BuiltData.uasset" 275
"../../../Engine/Content/Maps/Entry.umap" 276
